==283791== Memcheck, a memory error detector
==283791== Copyright (C) 2002-2017, and GNU GPL'd, by Julian Seward et al.
==283791== Using Valgrind-3.18.1 and LibVEX; rerun with -h for copyright info
==283791== Command: ./a.out
==283791== Parent PID: 280401
==283791== 
==283791== Conditional jump or move depends on uninitialised value(s)
==283791==    at 0x10922D: has_new_line (in /home/jbarbay/repo/get_next_line/a.out)
==283791==    by 0x109391: get_next_line (in /home/jbarbay/repo/get_next_line/a.out)
==283791==    by 0x109495: main (in /home/jbarbay/repo/get_next_line/a.out)
==283791== 
==283791== Conditional jump or move depends on uninitialised value(s)
==283791==    at 0x1094DD: ft_strlen (in /home/jbarbay/repo/get_next_line/a.out)
==283791==    by 0x109512: ft_strjoin (in /home/jbarbay/repo/get_next_line/a.out)
==283791==    by 0x109375: get_next_line (in /home/jbarbay/repo/get_next_line/a.out)
==283791==    by 0x109495: main (in /home/jbarbay/repo/get_next_line/a.out)
==283791== 
==283791== Conditional jump or move depends on uninitialised value(s)
==283791==    at 0x10957E: ft_strjoin (in /home/jbarbay/repo/get_next_line/a.out)
==283791==    by 0x109375: get_next_line (in /home/jbarbay/repo/get_next_line/a.out)
==283791==    by 0x109495: main (in /home/jbarbay/repo/get_next_line/a.out)
==283791== 
==283791== 
==283791== HEAP SUMMARY:
==283791==     in use at exit: 1,644 bytes in 14 blocks
==283791==   total heap usage: 23 allocs, 9 frees, 9,676 bytes allocated
==283791== 
==283791== 140 bytes in 1 blocks are definitely lost in loss record 1 of 4
==283791==    at 0x4848899: malloc (in /usr/libexec/valgrind/vgpreload_memcheck-amd64-linux.so)
==283791==    by 0x10952F: ft_strjoin (in /home/jbarbay/repo/get_next_line/a.out)
==283791==    by 0x109375: get_next_line (in /home/jbarbay/repo/get_next_line/a.out)
==283791==    by 0x109495: main (in /home/jbarbay/repo/get_next_line/a.out)
==283791== 
==283791== 145 bytes in 6 blocks are definitely lost in loss record 2 of 4
==283791==    at 0x4848899: malloc (in /usr/libexec/valgrind/vgpreload_memcheck-amd64-linux.so)
==283791==    by 0x109258: get_line (in /home/jbarbay/repo/get_next_line/a.out)
==283791==    by 0x1093FE: get_next_line (in /home/jbarbay/repo/get_next_line/a.out)
==283791==    by 0x109495: main (in /home/jbarbay/repo/get_next_line/a.out)
==283791== 
==283791== 358 bytes in 6 blocks are definitely lost in loss record 3 of 4
==283791==    at 0x4848899: malloc (in /usr/libexec/valgrind/vgpreload_memcheck-amd64-linux.so)
==283791==    by 0x109604: ft_substr (in /home/jbarbay/repo/get_next_line/a.out)
==283791==    by 0x109430: get_next_line (in /home/jbarbay/repo/get_next_line/a.out)
==283791==    by 0x109495: main (in /home/jbarbay/repo/get_next_line/a.out)
==283791== 
==283791== 1,001 bytes in 1 blocks are definitely lost in loss record 4 of 4
==283791==    at 0x4848899: malloc (in /usr/libexec/valgrind/vgpreload_memcheck-amd64-linux.so)
==283791==    by 0x1092E7: get_next_line (in /home/jbarbay/repo/get_next_line/a.out)
==283791==    by 0x109495: main (in /home/jbarbay/repo/get_next_line/a.out)
==283791== 
==283791== LEAK SUMMARY:
==283791==    definitely lost: 1,644 bytes in 14 blocks
==283791==    indirectly lost: 0 bytes in 0 blocks
==283791==      possibly lost: 0 bytes in 0 blocks
==283791==    still reachable: 0 bytes in 0 blocks
==283791==         suppressed: 0 bytes in 0 blocks
==283791== 
==283791== Use --track-origins=yes to see where uninitialised values come from
==283791== For lists of detected and suppressed errors, rerun with: -s
==283791== ERROR SUMMARY: 7 errors from 7 contexts (suppressed: 0 from 0)
